<?xml version="1.0" encoding="UTF-8"?>
<!-- Generated by org.testng.reporters.JUnitXMLReporter -->
<testsuite ignored="0" hostname="DESKTOP-36IJ477" failures="0" tests="7" name="Default test" time="50.216" errors="0" timestamp="2023-07-02T00:39:34 IST">
  <testcase classname="com.inetbanking_V2.testCases.loginPageTest" name="loginTest" time="2.351"/>
  <testcase classname="com.inetbanking_V2.testCases.loginPageTest" name="titleTest" time="0.085"/>
  <testcase classname="com.inetbanking_V2.testCases.loginPageTest" name="mainLogoTest" time="0.181"/>
  <testcase classname="com.inetbanking_V2.testCases.loginPageTest" name="testIconLogoTest" time="0.097"/>
  <testcase classname="com.inetbanking_V2.testCases.loginPageTest" name="selIconLogoTest" time="0.16"/>
  <testcase classname="com.inetbanking_V2.testCases.loginPageTest" name="javaIconLogoTest" time="0.166"/>
  <testcase classname="com.inetbanking_V2.testCases.loginPageTest" name="liveProjectLogoTest" time="0.191"/>
</testsuite> <!-- Default test -->
