<?xml version="1.0" encoding="UTF-8"?>
<testng-results ignored="0" total="7" passed="7" failed="0" skipped="0">
  <reporter-output>
  </reporter-output>
  <suite started-at="2023-07-02T00:38:43 IST" name="Default suite" finished-at="2023-07-02T00:39:34 IST" duration-ms="50216">
    <groups>
    </groups>
    <test started-at="2023-07-02T00:38:43 IST" name="Default test" finished-at="2023-07-02T00:39:34 IST" duration-ms="50216">
      <class name="com.inetbanking_V2.testCases.loginPageTest">
        <test-method is-config="true" signature="setup()[pri:0, instance:com.inetbanking_V2.testCases.loginPageTest@73a1e9a9]" started-at="2023-07-02T00:38:43 IST" name="setup" finished-at="2023-07-02T00:38:52 IST" duration-ms="8614" status="PASS">
          <reporter-output>
          </reporter-output>
        </test-method> <!-- setup -->
        <test-method signature="loginTest()[pri:1, instance:com.inetbanking_V2.testCases.loginPageTest@73a1e9a9]" started-at="2023-07-02T00:38:52 IST" name="loginTest" finished-at="2023-07-02T00:38:54 IST" duration-ms="2351" status="PASS">
          <reporter-output>
          </reporter-output>
        </test-method> <!-- loginTest -->
        <test-method is-config="true" signature="teerDown()[pri:0, instance:com.inetbanking_V2.testCases.loginPageTest@73a1e9a9]" started-at="2023-07-02T00:38:54 IST" name="teerDown" finished-at="2023-07-02T00:38:55 IST" duration-ms="587" status="PASS">
          <reporter-output>
          </reporter-output>
        </test-method> <!-- teerDown -->
        <test-method is-config="true" signature="setup()[pri:0, instance:com.inetbanking_V2.testCases.loginPageTest@73a1e9a9]" started-at="2023-07-02T00:38:55 IST" name="setup" finished-at="2023-07-02T00:39:00 IST" duration-ms="5090" status="PASS">
          <reporter-output>
          </reporter-output>
        </test-method> <!-- setup -->
        <test-method signature="titleTest()[pri:2, instance:com.inetbanking_V2.testCases.loginPageTest@73a1e9a9]" started-at="2023-07-02T00:39:00 IST" name="titleTest" finished-at="2023-07-02T00:39:00 IST" duration-ms="85" status="PASS">
          <reporter-output>
          </reporter-output>
        </test-method> <!-- titleTest -->
        <test-method is-config="true" signature="teerDown()[pri:0, instance:com.inetbanking_V2.testCases.loginPageTest@73a1e9a9]" started-at="2023-07-02T00:39:00 IST" name="teerDown" finished-at="2023-07-02T00:39:01 IST" duration-ms="487" status="PASS">
          <reporter-output>
          </reporter-output>
        </test-method> <!-- teerDown -->
        <test-method is-config="true" signature="setup()[pri:0, instance:com.inetbanking_V2.testCases.loginPageTest@73a1e9a9]" started-at="2023-07-02T00:39:01 IST" name="setup" finished-at="2023-07-02T00:39:05 IST" duration-ms="4691" status="PASS">
          <reporter-output>
          </reporter-output>
        </test-method> <!-- setup -->
        <test-method signature="mainLogoTest()[pri:3, instance:com.inetbanking_V2.testCases.loginPageTest@73a1e9a9]" started-at="2023-07-02T00:39:05 IST" name="mainLogoTest" finished-at="2023-07-02T00:39:06 IST" duration-ms="181" status="PASS">
          <reporter-output>
          </reporter-output>
        </test-method> <!-- mainLogoTest -->
        <test-method is-config="true" signature="teerDown()[pri:0, instance:com.inetbanking_V2.testCases.loginPageTest@73a1e9a9]" started-at="2023-07-02T00:39:06 IST" name="teerDown" finished-at="2023-07-02T00:39:06 IST" duration-ms="579" status="PASS">
          <reporter-output>
          </reporter-output>
        </test-method> <!-- teerDown -->
        <test-method is-config="true" signature="setup()[pri:0, instance:com.inetbanking_V2.testCases.loginPageTest@73a1e9a9]" started-at="2023-07-02T00:39:06 IST" name="setup" finished-at="2023-07-02T00:39:12 IST" duration-ms="5564" status="PASS">
          <reporter-output>
          </reporter-output>
        </test-method> <!-- setup -->
        <test-method signature="testIconLogoTest()[pri:4, instance:com.inetbanking_V2.testCases.loginPageTest@73a1e9a9]" started-at="2023-07-02T00:39:12 IST" name="testIconLogoTest" finished-at="2023-07-02T00:39:12 IST" duration-ms="97" status="PASS">
          <reporter-output>
          </reporter-output>
        </test-method> <!-- testIconLogoTest -->
        <test-method is-config="true" signature="teerDown()[pri:0, instance:com.inetbanking_V2.testCases.loginPageTest@73a1e9a9]" started-at="2023-07-02T00:39:12 IST" name="teerDown" finished-at="2023-07-02T00:39:12 IST" duration-ms="491" status="PASS">
          <reporter-output>
          </reporter-output>
        </test-method> <!-- teerDown -->
        <test-method is-config="true" signature="setup()[pri:0, instance:com.inetbanking_V2.testCases.loginPageTest@73a1e9a9]" started-at="2023-07-02T00:39:12 IST" name="setup" finished-at="2023-07-02T00:39:19 IST" duration-ms="6648" status="PASS">
          <reporter-output>
          </reporter-output>
        </test-method> <!-- setup -->
        <test-method signature="selIconLogoTest()[pri:5, instance:com.inetbanking_V2.testCases.loginPageTest@73a1e9a9]" started-at="2023-07-02T00:39:19 IST" name="selIconLogoTest" finished-at="2023-07-02T00:39:19 IST" duration-ms="160" status="PASS">
          <reporter-output>
          </reporter-output>
        </test-method> <!-- selIconLogoTest -->
        <test-method is-config="true" signature="teerDown()[pri:0, instance:com.inetbanking_V2.testCases.loginPageTest@73a1e9a9]" started-at="2023-07-02T00:39:19 IST" name="teerDown" finished-at="2023-07-02T00:39:20 IST" duration-ms="474" status="PASS">
          <reporter-output>
          </reporter-output>
        </test-method> <!-- teerDown -->
        <test-method is-config="true" signature="setup()[pri:0, instance:com.inetbanking_V2.testCases.loginPageTest@73a1e9a9]" started-at="2023-07-02T00:39:20 IST" name="setup" finished-at="2023-07-02T00:39:26 IST" duration-ms="6393" status="PASS">
          <reporter-output>
          </reporter-output>
        </test-method> <!-- setup -->
        <test-method signature="javaIconLogoTest()[pri:6, instance:com.inetbanking_V2.testCases.loginPageTest@73a1e9a9]" started-at="2023-07-02T00:39:26 IST" name="javaIconLogoTest" finished-at="2023-07-02T00:39:26 IST" duration-ms="166" status="PASS">
          <reporter-output>
          </reporter-output>
        </test-method> <!-- javaIconLogoTest -->
        <test-method is-config="true" signature="teerDown()[pri:0, instance:com.inetbanking_V2.testCases.loginPageTest@73a1e9a9]" started-at="2023-07-02T00:39:26 IST" name="teerDown" finished-at="2023-07-02T00:39:27 IST" duration-ms="457" status="PASS">
          <reporter-output>
          </reporter-output>
        </test-method> <!-- teerDown -->
        <test-method is-config="true" signature="setup()[pri:0, instance:com.inetbanking_V2.testCases.loginPageTest@73a1e9a9]" started-at="2023-07-02T00:39:27 IST" name="setup" finished-at="2023-07-02T00:39:33 IST" duration-ms="6342" status="PASS">
          <reporter-output>
          </reporter-output>
        </test-method> <!-- setup -->
        <test-method signature="liveProjectLogoTest()[pri:7, instance:com.inetbanking_V2.testCases.loginPageTest@73a1e9a9]" started-at="2023-07-02T00:39:33 IST" name="liveProjectLogoTest" finished-at="2023-07-02T00:39:33 IST" duration-ms="191" status="PASS">
          <reporter-output>
          </reporter-output>
        </test-method> <!-- liveProjectLogoTest -->
        <test-method is-config="true" signature="teerDown()[pri:0, instance:com.inetbanking_V2.testCases.loginPageTest@73a1e9a9]" started-at="2023-07-02T00:39:33 IST" name="teerDown" finished-at="2023-07-02T00:39:34 IST" duration-ms="446" status="PASS">
          <reporter-output>
          </reporter-output>
        </test-method> <!-- teerDown -->
      </class> <!-- com.inetbanking_V2.testCases.loginPageTest -->
    </test> <!-- Default test -->
  </suite> <!-- Default suite -->
</testng-results>
